[debug] [2024-10-14T19:33:43.050Z] ----------------------------------------------------------------------
[debug] [2024-10-14T19:33:43.055Z] Command:       C:\Program Files\nodejs\node.exe C:\Users\junio\AppData\Roaming\npm\node_modules\firebase-tools\lib\bin\firebase.js deploy --only functions --debug
[debug] [2024-10-14T19:33:43.056Z] CLI Version:   13.22.0
[debug] [2024-10-14T19:33:43.056Z] Platform:      win32
[debug] [2024-10-14T19:33:43.057Z] Node Version:  v18.17.0
[debug] [2024-10-14T19:33:43.058Z] Time:          Mon Oct 14 2024 21:33:43 GMT+0200 (South Africa Standard Time)
[debug] [2024-10-14T19:33:43.059Z] ----------------------------------------------------------------------
[debug] 
[debug] [2024-10-14T19:33:43.236Z] > command requires scopes: ["email","openid","https://www.googleapis.com/auth/cloudplatformprojects.readonly","https://www.googleapis.com/auth/firebase","https://www.googleapis.com/auth/cloud-platform"]
[debug] [2024-10-14T19:33:43.238Z] > authorizing via signed-in user (davidsadiki535@gmail.com)
[debug] [2024-10-14T19:33:43.239Z] [iam] checking project exams-e022f for permissions ["cloudfunctions.functions.create","cloudfunctions.functions.delete","cloudfunctions.functions.get","cloudfunctions.functions.list","cloudfunctions.functions.update","cloudfunctions.operations.get","firebase.projects.get"]
[debug] [2024-10-14T19:33:43.241Z] Checked if tokens are valid: true, expires at: 1728935511632
[debug] [2024-10-14T19:33:43.241Z] Checked if tokens are valid: true, expires at: 1728935511632
[debug] [2024-10-14T19:33:43.243Z] >>> [apiv2][query] POST https://cloudresourcemanager.googleapis.com/v1/projects/exams-e022f:testIamPermissions [none]
[debug] [2024-10-14T19:33:43.244Z] >>> [apiv2][(partial)header] POST https://cloudresourcemanager.googleapis.com/v1/projects/exams-e022f:testIamPermissions x-goog-quota-user=projects/exams-e022f
[debug] [2024-10-14T19:33:43.244Z] >>> [apiv2][body] POST https://cloudresourcemanager.googleapis.com/v1/projects/exams-e022f:testIamPermissions {"permissions":["cloudfunctions.functions.create","cloudfunctions.functions.delete","cloudfunctions.functions.get","cloudfunctions.functions.list","cloudfunctions.functions.update","cloudfunctions.operations.get","firebase.projects.get"]}
[debug] [2024-10-14T19:33:44.997Z] <<< [apiv2][status] POST https://cloudresourcemanager.googleapis.com/v1/projects/exams-e022f:testIamPermissions 200
[debug] [2024-10-14T19:33:44.998Z] <<< [apiv2][body] POST https://cloudresourcemanager.googleapis.com/v1/projects/exams-e022f:testIamPermissions {"permissions":["cloudfunctions.functions.create","cloudfunctions.functions.delete","cloudfunctions.functions.get","cloudfunctions.functions.list","cloudfunctions.functions.update","cloudfunctions.operations.get","firebase.projects.get"]}
[debug] [2024-10-14T19:33:44.999Z] Checked if tokens are valid: true, expires at: 1728935511632
[debug] [2024-10-14T19:33:45.000Z] Checked if tokens are valid: true, expires at: 1728935511632
[debug] [2024-10-14T19:33:45.001Z] >>> [apiv2][query] POST https://iam.googleapis.com/v1/projects/exams-e022f/serviceAccounts/exams-e022f@appspot.gserviceaccount.com:testIamPermissions [none]
[debug] [2024-10-14T19:33:45.001Z] >>> [apiv2][body] POST https://iam.googleapis.com/v1/projects/exams-e022f/serviceAccounts/exams-e022f@appspot.gserviceaccount.com:testIamPermissions {"permissions":["iam.serviceAccounts.actAs"]}
[debug] [2024-10-14T19:33:46.697Z] <<< [apiv2][status] POST https://iam.googleapis.com/v1/projects/exams-e022f/serviceAccounts/exams-e022f@appspot.gserviceaccount.com:testIamPermissions 200
[debug] [2024-10-14T19:33:46.697Z] <<< [apiv2][body] POST https://iam.googleapis.com/v1/projects/exams-e022f/serviceAccounts/exams-e022f@appspot.gserviceaccount.com:testIamPermissions {"permissions":["iam.serviceAccounts.actAs"]}
[info] 
[info] === Deploying to 'exams-e022f'...
[info] 
[info] i  deploying functions 
[info] Running command: npm --prefix "$RESOURCE_DIR" run lint
[error] 
[error] Error: functions predeploy error: Command terminated with non-zero exit code 1
